<?xml version="1.0" encoding="UTF-8"?>
<!-- Generated by org.testng.reporters.JUnitXMLReporter -->
<testsuite ignored="0" hostname="SUNB-GTM6NC2" failures="0" tests="8" name="Cart product Test cases" time="40.876" errors="0" timestamp="2024-10-10T15:10:55 IST">
  <testcase classname="com.abby.qa.testcases.RegisterTest" name="VerifyRegisterWithMandatoryFields" time="1.658"/>
  <testcase classname="com.abby.qa.testcases.RegisterTest" name="VerifyRegisterWithAllFields" time="2.187"/>
  <testcase classname="com.abby.qa.testcases.RegisterTest" name="VerifyRegisterWithExistingEmail" time="1.313"/>
  <testcase classname="com.abby.qa.testcases.LoginTest" name="loginWithValidCredentials" time="1.089"/>
  <testcase classname="com.abby.qa.testcases.LoginTest" name="loginWithInvalidCredentials" time="1.634"/>
  <testcase classname="com.abby.qa.testcases.SearchTest" name="VerifySearchWithValidProducts" time="0.801"/>
  <testcase classname="com.abby.qa.testcases.SearchTest" name="VerifySearchWithInalidProducts" time="0.35"/>
  <testcase classname="com.abby.qa.testcases.SearchTest" name="VerifySearchWithoutdProducts" time="0.298"/>
</testsuite> <!-- Cart product Test cases -->
