<?xml version="1.0" encoding="UTF-8"?>
<!-- Generated by org.testng.reporters.JUnitXMLReporter -->
<testsuite ignored="2" hostname="DESKTOP-MT8P8LQ" failures="0" tests="1" name="Default test" time="8.157" errors="0" timestamp="2024-10-22T20:50:45 IST">
  <testcase classname="com.abby.qa.testcases.RegisterTest" name="VerifyRegisterWithMandatoryFields" time="2.618"/>
  <testcase classname="com.abby.qa.testcases.RegisterTest" name="VerifyRegisterWithAllFields" time="0.0">
    <ignored/>
  </testcase> <!-- VerifyRegisterWithAllFields -->
  <testcase classname="com.abby.qa.testcases.RegisterTest" name="VerifyRegisterWithExistingEmail" time="0.0">
    <ignored/>
  </testcase> <!-- VerifyRegisterWithExistingEmail -->
</testsuite> <!-- Default test -->
