<?xml version="1.0" encoding="UTF-8"?>
<!-- Generated by org.testng.reporters.JUnitXMLReporter -->
<testsuite ignored="0" hostname="DESKTOP-MT8P8LQ" failures="0" tests="8" name="Test" time="58.389" errors="0" timestamp="2024-10-22T20:09:50 IST">
  <testcase classname="com.abby.qa.testcases.LoginTest" name="loginWithValidCredentials" time="2.583"/>
  <testcase classname="com.abby.qa.testcases.LoginTest" name="loginWithInvalidCredentials" time="1.299"/>
  <testcase classname="com.abby.qa.testcases.SearchTest" name="VerifySearchWithValidProducts" time="0.985"/>
  <testcase classname="com.abby.qa.testcases.SearchTest" name="VerifySearchWithInalidProducts" time="0.856"/>
  <testcase classname="com.abby.qa.testcases.SearchTest" name="VerifySearchWithoutdProducts" time="0.758"/>
  <testcase classname="com.abby.qa.testcases.RegisterTest" name="VerifyRegisterWithMandatoryFields" time="3.07"/>
  <testcase classname="com.abby.qa.testcases.RegisterTest" name="VerifyRegisterWithAllFields" time="1.992"/>
  <testcase classname="com.abby.qa.testcases.RegisterTest" name="VerifyRegisterWithExistingEmail" time="1.832"/>
</testsuite> <!-- Test -->
