<?xml version="1.0" encoding="UTF-8"?>
<testng-results ignored="0" total="1" passed="1" failed="0" skipped="0">
  <reporter-output>
  </reporter-output>
  <suite started-at="2025-10-05T12:58:42 IST" name="Default suite" finished-at="2025-10-05T12:58:52 IST" duration-ms="10485">
    <groups>
    </groups>
    <test started-at="2025-10-05T12:58:42 IST" name="Default test" finished-at="2025-10-05T12:58:52 IST" duration-ms="10485">
      <class name="com.abby.qa.testcases.WishList">
        <test-method is-config="true" signature="setup()[pri:0, instance:com.abby.qa.testcases.WishList@34a3d150]" started-at="2025-10-05T12:58:42 IST" name="setup" finished-at="2025-10-05T12:58:48 IST" duration-ms="5918" status="PASS">
          <reporter-output>
          </reporter-output>
        </test-method> <!-- setup -->
        <test-method signature="verifyWishList()[pri:0, instance:com.abby.qa.testcases.WishList@34a3d150]" started-at="2025-10-05T12:58:48 IST" name="verifyWishList" finished-at="2025-10-05T12:58:52 IST" duration-ms="4069" status="PASS">
          <reporter-output>
          </reporter-output>
        </test-method> <!-- verifyWishList -->
        <test-method is-config="true" signature="tearDown()[pri:0, instance:com.abby.qa.testcases.WishList@34a3d150]" started-at="2025-10-05T12:58:52 IST" name="tearDown" finished-at="2025-10-05T12:58:52 IST" duration-ms="396" status="PASS">
          <reporter-output>
          </reporter-output>
        </test-method> <!-- tearDown -->
      </class> <!-- com.abby.qa.testcases.WishList -->
    </test> <!-- Default test -->
  </suite> <!-- Default suite -->
</testng-results>
