<?xml version="1.0" encoding="UTF-8"?>
<testng-results ignored="0" total="1" passed="1" failed="0" skipped="0">
  <reporter-output>
  </reporter-output>
  <suite started-at="2024-10-22T20:50:37 IST" name="Default suite" finished-at="2024-10-22T20:50:45 IST" duration-ms="8157">
    <groups>
    </groups>
    <test started-at="2024-10-22T20:50:37 IST" name="Default test" finished-at="2024-10-22T20:50:45 IST" duration-ms="8157">
      <class name="com.abby.qa.testcases.RegisterTest">
        <test-method is-config="true" signature="setup()[pri:0, instance:com.abby.qa.testcases.RegisterTest@3349e9bb]" started-at="2024-10-22T20:50:37 IST" name="setup" finished-at="2024-10-22T20:50:42 IST" duration-ms="5103" status="PASS">
          <reporter-output>
          </reporter-output>
        </test-method> <!-- setup -->
        <test-method signature="VerifyRegisterWithMandatoryFields()[pri:1, instance:com.abby.qa.testcases.RegisterTest@3349e9bb]" started-at="2024-10-22T20:50:42 IST" name="VerifyRegisterWithMandatoryFields" finished-at="2024-10-22T20:50:45 IST" duration-ms="2618" status="PASS">
          <reporter-output>
          </reporter-output>
        </test-method> <!-- VerifyRegisterWithMandatoryFields -->
        <test-method is-config="true" signature="tearDown()[pri:0, instance:com.abby.qa.testcases.RegisterTest@3349e9bb]" started-at="2024-10-22T20:50:45 IST" name="tearDown" finished-at="2024-10-22T20:50:45 IST" duration-ms="389" status="PASS">
          <reporter-output>
          </reporter-output>
        </test-method> <!-- tearDown -->
      </class> <!-- com.abby.qa.testcases.RegisterTest -->
    </test> <!-- Default test -->
  </suite> <!-- Default suite -->
</testng-results>
